<?xml version="1.0" encoding="UTF-8"?>
<!-- Generated by org.testng.reporters.JUnitXMLReporter -->
<testsuite hostname="user-PC" ignored="6" name="Test" tests="4" failures="0" timestamp="27 Jul 2020 09:07:32 GMT" time="25.275" errors="0">
  <testcase name="addMore" time="9.408" classname="testcases.AddCartPageTest"/>
  <testcase name="logintest" time="10.125" classname="testcases.LoginPageTest"/>
  <testcase name="sendproduct" time="3.028" classname="testcases.HomePageTest"/>
  <testcase name="addproductcart" time="2.262" classname="testcases.ProductPageTest"/>
  <testcase name="@AfterSuite TeardownTest" time="0.0" classname="library.Browser">
    <ignored/>
  </testcase> <!-- @AfterSuite TeardownTest -->
  <testcase name="@AfterSuite TeardownTest" time="0.0" classname="library.Browser">
    <ignored/>
  </testcase> <!-- @AfterSuite TeardownTest -->
  <testcase name="@AfterSuite TeardownTest" time="0.0" classname="library.Browser">
    <ignored/>
  </testcase> <!-- @AfterSuite TeardownTest -->
  <testcase name="@BeforeSuite browserinitialize" time="0.0" classname="library.Browser">
    <ignored/>
  </testcase> <!-- @BeforeSuite browserinitialize -->
  <testcase name="@BeforeSuite browserinitialize" time="0.0" classname="library.Browser">
    <ignored/>
  </testcase> <!-- @BeforeSuite browserinitialize -->
  <testcase name="@BeforeSuite browserinitialize" time="0.0" classname="library.Browser">
    <ignored/>
  </testcase> <!-- @BeforeSuite browserinitialize -->
</testsuite> <!-- Test -->
